Replace Part C1 Capacitor in D:\VUZ\2nd_sem\Kononov\Altium\PCB_aquaponic_pH\PCB_pH_CAN\Schematic_pH_CAN.SchDoc with Capacitor from Schlib1.SchLib
Replace Part C2 Capacitor in D:\VUZ\2nd_sem\Kononov\Altium\PCB_aquaponic_pH\PCB_pH_CAN\Schematic_pH_CAN.SchDoc with Capacitor from Schlib1.SchLib
Replace Part C3 Capacitor in D:\VUZ\2nd_sem\Kononov\Altium\PCB_aquaponic_pH\PCB_pH_CAN\Schematic_pH_CAN.SchDoc with Capacitor from Schlib1.SchLib
Replace Part C4 Capacitor in D:\VUZ\2nd_sem\Kononov\Altium\PCB_aquaponic_pH\PCB_pH_CAN\Schematic_pH_CAN.SchDoc with Capacitor from Schlib1.SchLib
Replace Part C5 Capacitor in D:\VUZ\2nd_sem\Kononov\Altium\PCB_aquaponic_pH\PCB_pH_CAN\Schematic_pH_CAN.SchDoc with Capacitor from Schlib1.SchLib
Replace Part C6 Capacitor in D:\VUZ\2nd_sem\Kononov\Altium\PCB_aquaponic_pH\PCB_pH_CAN\Schematic_pH_CAN.SchDoc with Capacitor from Schlib1.SchLib
Replace Part C7 Capacitor in D:\VUZ\2nd_sem\Kononov\Altium\PCB_aquaponic_pH\PCB_pH_CAN\Schematic_pH_CAN.SchDoc with Capacitor from Schlib1.SchLib
Replace Part C8 Capacitor in D:\VUZ\2nd_sem\Kononov\Altium\PCB_aquaponic_pH\PCB_pH_CAN\Schematic_pH_CAN.SchDoc with Capacitor from Schlib1.SchLib
Replace Part C9 Capacitor in D:\VUZ\2nd_sem\Kononov\Altium\PCB_aquaponic_pH\PCB_pH_CAN\Schematic_pH_CAN.SchDoc with Capacitor from Schlib1.SchLib
Replace Part C10 Capacitor in D:\VUZ\2nd_sem\Kononov\Altium\PCB_aquaponic_pH\PCB_pH_CAN\Schematic_pH_CAN.SchDoc with Capacitor from Schlib1.SchLib
Replace Part DA1 STU in D:\VUZ\2nd_sem\Kononov\Altium\PCB_aquaponic_pH\PCB_pH_CAN\Schematic_pH_CAN.SchDoc with STU from Schlib1.SchLib
Replace Part DA2 TS922I in D:\VUZ\2nd_sem\Kononov\Altium\PCB_aquaponic_pH\PCB_pH_CAN\Schematic_pH_CAN.SchDoc with TS922I from Schlib1.SchLib
Replace Part DA2 TS922I in D:\VUZ\2nd_sem\Kononov\Altium\PCB_aquaponic_pH\PCB_pH_CAN\Schematic_pH_CAN.SchDoc with TS922I from Schlib1.SchLib
Replace Part DA3 REF3033AIDBZT in D:\VUZ\2nd_sem\Kononov\Altium\PCB_aquaponic_pH\PCB_pH_CAN\Schematic_pH_CAN.SchDoc with REF3033AIDBZT from Schlib1.SchLib
Replace Part DD1 MAX3051ESA in D:\VUZ\2nd_sem\Kononov\Altium\PCB_aquaponic_pH\PCB_pH_CAN\Schematic_pH_CAN.SchDoc with MAX3051ESA from Schlib1.SchLib
Replace Part DD2 STM32F103C4T6A in D:\VUZ\2nd_sem\Kononov\Altium\PCB_aquaponic_pH\PCB_pH_CAN\Schematic_pH_CAN.SchDoc with STM32F103C4T6A from Schlib1.SchLib
Replace Part G1 Battery in D:\VUZ\2nd_sem\Kononov\Altium\PCB_aquaponic_pH\PCB_pH_CAN\Schematic_pH_CAN.SchDoc with Battery from Schlib1.SchLib
Replace Part R1 Resistor in D:\VUZ\2nd_sem\Kononov\Altium\PCB_aquaponic_pH\PCB_pH_CAN\Schematic_pH_CAN.SchDoc with Resistor from Schlib1.SchLib
Replace Part R2 Resistor in D:\VUZ\2nd_sem\Kononov\Altium\PCB_aquaponic_pH\PCB_pH_CAN\Schematic_pH_CAN.SchDoc with Resistor from Schlib1.SchLib
Replace Part R3 Resistor in D:\VUZ\2nd_sem\Kononov\Altium\PCB_aquaponic_pH\PCB_pH_CAN\Schematic_pH_CAN.SchDoc with Resistor from Schlib1.SchLib
Replace Part R4 Resistor in D:\VUZ\2nd_sem\Kononov\Altium\PCB_aquaponic_pH\PCB_pH_CAN\Schematic_pH_CAN.SchDoc with Resistor from Schlib1.SchLib
Replace Part R5 Resistor in D:\VUZ\2nd_sem\Kononov\Altium\PCB_aquaponic_pH\PCB_pH_CAN\Schematic_pH_CAN.SchDoc with Resistor from Schlib1.SchLib
Replace Part SB1 KLS7-TS6601-7 in D:\VUZ\2nd_sem\Kononov\Altium\PCB_aquaponic_pH\PCB_pH_CAN\Schematic_pH_CAN.SchDoc with KLS7-TS6601-7 from Schlib1.SchLib
Replace Part X1 CAN_L/CAN_H in D:\VUZ\2nd_sem\Kononov\Altium\PCB_aquaponic_pH\PCB_pH_CAN\Schematic_pH_CAN.SchDoc with CAN_L/CAN_H from Schlib1.SchLib
Replace Part X2 BNC in D:\VUZ\2nd_sem\Kononov\Altium\PCB_aquaponic_pH\PCB_pH_CAN\Schematic_pH_CAN.SchDoc with BNC from Schlib1.SchLib
Replace Part X3 SWD_connector in D:\VUZ\2nd_sem\Kononov\Altium\PCB_aquaponic_pH\PCB_pH_CAN\Schematic_pH_CAN.SchDoc with SWD_connector from Schlib1.SchLib
Replace Part ZQ1 qarz in D:\VUZ\2nd_sem\Kononov\Altium\PCB_aquaponic_pH\PCB_pH_CAN\Schematic_pH_CAN.SchDoc with qarz from Schlib1.SchLib
